{
  "RSpec": {
    "coverage": {
      "/Users/juhatauriainen/Sites/misc/university-repositories/webror/ratebeer/app/helpers/application_helper.rb": [
        1,
        null
      ],
      "/Users/juhatauriainen/Sites/misc/university-repositories/webror/ratebeer/app/helpers/beerclubs_helper.rb": [
        1,
        null
      ],
      "/Users/juhatauriainen/Sites/misc/university-repositories/webror/ratebeer/app/helpers/beers_helper.rb": [
        1,
        null
      ],
      "/Users/juhatauriainen/Sites/misc/university-repositories/webror/ratebeer/app/helpers/breweries_helper.rb": [
        1,
        null
      ],
      "/Users/juhatauriainen/Sites/misc/university-repositories/webror/ratebeer/app/helpers/memberships_helper.rb": [
        1,
        null
      ],
      "/Users/juhatauriainen/Sites/misc/university-repositories/webror/ratebeer/app/helpers/users_helper.rb": [
        1,
        null
      ],
      "/Users/juhatauriainen/Sites/misc/university-repositories/webror/ratebeer/app/models/beer.rb": [
        1,
        1,
        null,
        1,
        1,
        1,
        1,
        null,
        1,
        0,
        null,
        0,
        null,
        null,
        1,
        2,
        null,
        null
      ],
      "/Users/juhatauriainen/Sites/misc/university-repositories/webror/ratebeer/app/models/application_record.rb": [
        1,
        1,
        null
      ],
      "/Users/juhatauriainen/Sites/misc/university-repositories/webror/ratebeer/app/models/concerns/rating_average.rb": [
        1,
        1,
        null,
        1,
        8,
        null,
        null
      ],
      "/Users/juhatauriainen/Sites/misc/university-repositories/webror/ratebeer/app/models/user.rb": [
        1,
        1,
        null,
        1,
        null,
        1,
        null,
        1,
        null,
        null,
        1,
        null,
        1,
        null,
        1,
        1,
        1,
        1,
        null,
        1,
        44,
        44,
        null,
        null,
        1,
        6,
        null,
        4,
        null,
        null,
        1,
        9,
        null,
        8,
        null,
        null,
        1,
        9,
        null,
        8,
        null,
        null
      ],
      "/Users/juhatauriainen/Sites/misc/university-repositories/webror/ratebeer/app/models/brewery.rb": [
        1,
        1,
        null,
        1,
        1,
        null,
        1,
        null,
        1,
        null,
        null,
        1,
        null,
        1,
        54,
        null,
        null,
        1,
        0,
        0,
        0,
        null,
        null,
        1,
        0,
        0,
        null,
        null,
        1,
        9,
        null,
        null
      ],
      "/Users/juhatauriainen/Sites/misc/university-repositories/webror/ratebeer/app/controllers/sessions_controller.rb": [
        1,
        1,
        null,
        null,
        null,
        1,
        11,
        null,
        11,
        10,
        10,
        null,
        1,
        null,
        null,
        null,
        1,
        null,
        0,
        null,
        0,
        null,
        null
      ],
      "/Users/juhatauriainen/Sites/misc/university-repositories/webror/ratebeer/app/controllers/application_controller.rb": [
        1,
        null,
        1,
        null,
        1,
        273,
        null,
        184,
        null,
        null,
        1,
        4,
        null,
        null
      ],
      "/Users/juhatauriainen/Sites/misc/university-repositories/webror/ratebeer/app/controllers/users_controller.rb": [
        1,
        1,
        null,
        null,
        null,
        1,
        0,
        null,
        null,
        null,
        null,
        1,
        null,
        null,
        null,
        1,
        1,
        null,
        null,
        null,
        1,
        null,
        null,
        null,
        null,
        1,
        1,
        null,
        1,
        1,
        2,
        1,
        null,
        0,
        0,
        null,
        null,
        null,
        null,
        null,
        null,
        1,
        0,
        0,
        0,
        0,
        null,
        0,
        0,
        null,
        null,
        null,
        null,
        null,
        null,
        1,
        0,
        0,
        0,
        0,
        0,
        null,
        null,
        null,
        1,
        null,
        null,
        1,
        17,
        null,
        null,
        null,
        1,
        1,
        null,
        null
      ],
      "/Users/juhatauriainen/Sites/misc/university-repositories/webror/ratebeer/app/models/rating.rb": [
        1,
        1,
        1,
        null,
        1,
        null,
        null,
        null,
        1,
        18,
        null,
        null
      ],
      "/Users/juhatauriainen/Sites/misc/university-repositories/webror/ratebeer/app/models/membership.rb": [
        1,
        1,
        1,
        null
      ],
      "/Users/juhatauriainen/Sites/misc/university-repositories/webror/ratebeer/app/models/beerclub.rb": [
        1,
        1,
        1,
        null
      ],
      "/Users/juhatauriainen/Sites/misc/university-repositories/webror/ratebeer/app/controllers/beers_controller.rb": [
        1,
        1,
        1,
        1,
        null,
        null,
        null,
        1,
        1,
        null,
        null,
        null,
        null,
        1,
        null,
        null,
        1,
        3,
        3,
        null,
        null,
        null,
        1,
        2,
        null,
        null,
        null,
        1,
        null,
        null,
        null,
        null,
        1,
        2,
        null,
        2,
        2,
        2,
        1,
        null,
        1,
        2,
        1,
        null,
        null,
        null,
        null,
        null,
        null,
        1,
        0,
        0,
        0,
        0,
        null,
        0,
        0,
        null,
        null,
        null,
        null,
        null,
        null,
        1,
        0,
        0,
        0,
        0,
        null,
        null,
        null,
        1,
        null,
        null,
        1,
        0,
        null,
        null,
        null,
        1,
        2,
        null,
        null
      ],
      "/Users/juhatauriainen/Sites/misc/university-repositories/webror/ratebeer/app/controllers/breweries_controller.rb": [
        1,
        1,
        1,
        null,
        null,
        null,
        1,
        3,
        null,
        null,
        null,
        null,
        1,
        null,
        null,
        null,
        1,
        0,
        null,
        null,
        null,
        1,
        null,
        null,
        null,
        null,
        1,
        0,
        null,
        0,
        0,
        0,
        0,
        null,
        0,
        0,
        null,
        null,
        null,
        null,
        null,
        null,
        1,
        0,
        0,
        0,
        0,
        null,
        0,
        0,
        null,
        null,
        null,
        null,
        null,
        null,
        1,
        0,
        0,
        0,
        0,
        null,
        null,
        null,
        1,
        null,
        null,
        1,
        1,
        null,
        null,
        null,
        1,
        0,
        null,
        null
      ],
      "/Users/juhatauriainen/Sites/misc/university-repositories/webror/ratebeer/lib/beermapping_api.rb": [
        1,
        1,
        6,
        11,
        null,
        null,
        1,
        5,
        null,
        5,
        null,
        5,
        null,
        4,
        null,
        4,
        null,
        4,
        4,
        8,
        null,
        null,
        null,
        1,
        5,
        null,
        null
      ],
      "/Users/juhatauriainen/Sites/misc/university-repositories/webror/ratebeer/app/models/place.rb": [
        1,
        1,
        5,
        null,
        null
      ],
      "/Users/juhatauriainen/Sites/misc/university-repositories/webror/ratebeer/app/controllers/places_controller.rb": [
        1,
        1,
        null,
        null,
        1,
        3,
        3,
        1,
        null,
        2,
        null,
        null,
        null
      ],
      "/Users/juhatauriainen/Sites/misc/university-repositories/webror/ratebeer/app/controllers/ratings_controller.rb": [
        1,
        1,
        2,
        null,
        null,
        1,
        1,
        1,
        null,
        null,
        1,
        1,
        1,
        null,
        1,
        0,
        1,
        1,
        1,
        null,
        0,
        0,
        null,
        null,
        null,
        1,
        1,
        1,
        1,
        null,
        null
      ],
      "/Users/juhatauriainen/Sites/misc/university-repositories/webror/ratebeer/app/mailers/application_mailer.rb": [
        0,
        0,
        0,
        0
      ],
      "/Users/juhatauriainen/Sites/misc/university-repositories/webror/ratebeer/app/jobs/application_job.rb": [
        0,
        0
      ],
      "/Users/juhatauriainen/Sites/misc/university-repositories/webror/ratebeer/app/controllers/beerclubs_controller.rb": [
        0,
        0,
        0,
        null,
        null,
        null,
        0,
        0,
        0,
        null,
        null,
        null,
        0,
        0,
        null,
        null,
        0,
        0,
        0,
        0,
        null,
        null,
        0,
        0,
        null,
        null,
        null,
        0,
        0,
        null,
        0,
        0,
        0,
        0,
        0,
        0,
        0,
        0,
        0,
        0,
        null,
        null,
        null,
        0,
        0,
        0,
        0,
        0,
        0,
        0,
        0,
        0,
        0,
        0,
        null,
        null,
        null,
        0,
        0,
        0,
        0,
        0,
        0,
        0,
        null,
        0,
        null,
        0,
        0,
        0,
        null,
        null,
        0,
        0,
        0,
        0
      ],
      "/Users/juhatauriainen/Sites/misc/university-repositories/webror/ratebeer/app/controllers/memberships_controller.rb": [
        0,
        0,
        0,
        null,
        null,
        null,
        0,
        0,
        0,
        0,
        null,
        null,
        null,
        0,
        0,
        null,
        null,
        0,
        0,
        0,
        0,
        0,
        null,
        null,
        0,
        0,
        null,
        null,
        null,
        0,
        0,
        null,
        0,
        0,
        0,
        0,
        0,
        0,
        0,
        0,
        0,
        0,
        null,
        null,
        null,
        0,
        0,
        0,
        0,
        0,
        0,
        0,
        0,
        0,
        0,
        0,
        null,
        null,
        null,
        0,
        0,
        0,
        0,
        0,
        0,
        0,
        null,
        0,
        null,
        0,
        0,
        0,
        null,
        null,
        0,
        0,
        0,
        0
      ],
      "/Users/juhatauriainen/Sites/misc/university-repositories/webror/ratebeer/app/channels/application_cable/connection.rb": [
        0,
        0,
        0,
        0
      ],
      "/Users/juhatauriainen/Sites/misc/university-repositories/webror/ratebeer/app/channels/application_cable/channel.rb": [
        0,
        0,
        0,
        0
      ]
    },
    "timestamp": 1547126657
  }
}
